{"/home/shahenaz/Desktop/blog/main.js":{"path":"/home/shahenaz/Desktop/blog/main.js","s":{"1":1,"2":1,"3":0,"4":0,"5":0,"6":0,"7":0},"b":{},"f":{"1":0},"fnMap":{"1":{"name":"mainhandler","line":3,"loc":{"start":{"line":3,"column":17},"end":{"line":3,"column":48}}}},"statementMap":{"1":{"start":{"line":1,"column":0},"end":{"line":1,"column":36}},"2":{"start":{"line":3,"column":0},"end":{"line":11,"column":1}},"3":{"start":{"line":4,"column":4},"end":{"line":4,"column":42}},"4":{"start":{"line":5,"column":4},"end":{"line":10,"column":5}},"5":{"start":{"line":6,"column":6},"end":{"line":6,"column":28}},"6":{"start":{"line":8,"column":6},"end":{"line":8,"column":31}},"7":{"start":{"line":9,"column":6},"end":{"line":9,"column":31}}},"branchMap":{}},"/home/shahenaz/Desktop/blog/router.js":{"path":"/home/shahenaz/Desktop/blog/router.js","s":{"1":1,"2":1,"3":0,"4":0,"5":0,"6":0},"b":{},"f":{"1":0},"fnMap":{"1":{"name":"(anonymous_1)","line":6,"loc":{"start":{"line":6,"column":17},"end":{"line":6,"column":37}}}},"statementMap":{"1":{"start":{"line":1,"column":0},"end":{"line":1,"column":23}},"2":{"start":{"line":2,"column":0},"end":{"line":12,"column":1}},"3":{"start":{"line":7,"column":4},"end":{"line":7,"column":54}},"4":{"start":{"line":8,"column":4},"end":{"line":8,"column":84}},"5":{"start":{"line":9,"column":4},"end":{"line":9,"column":28}},"6":{"start":{"line":10,"column":4},"end":{"line":10,"column":14}}},"branchMap":{}},"/home/shahenaz/Desktop/blog/app/root.js":{"path":"/home/shahenaz/Desktop/blog/app/root.js","s":{"1":1,"2":1},"b":{},"f":{},"fnMap":{},"statementMap":{"1":{"start":{"line":1,"column":0},"end":{"line":1,"column":23}},"2":{"start":{"line":2,"column":0},"end":{"line":2,"column":71}}},"branchMap":{}},"/home/shahenaz/Desktop/blog/app/writesheet.js":{"path":"/home/shahenaz/Desktop/blog/app/writesheet.js","s":{"1":1,"2":1,"3":1,"4":1,"5":1,"6":1,"7":0,"8":0,"9":0,"10":0,"11":0,"12":0,"13":0,"14":0,"15":0,"16":0,"17":0},"b":{"1":[0,0]},"f":{"1":0},"fnMap":{"1":{"name":"writesheet","line":19,"loc":{"start":{"line":19,"column":0},"end":{"line":19,"column":24}}}},"statementMap":{"1":{"start":{"line":1,"column":0},"end":{"line":1,"column":35}},"2":{"start":{"line":2,"column":0},"end":{"line":2,"column":33}},"3":{"start":{"line":3,"column":0},"end":{"line":3,"column":29}},"4":{"start":{"line":6,"column":0},"end":{"line":14,"column":1}},"5":{"start":{"line":16,"column":0},"end":{"line":16,"column":27}},"6":{"start":{"line":19,"column":0},"end":{"line":47,"column":1}},"7":{"start":{"line":20,"column":4},"end":{"line":25,"column":6}},"8":{"start":{"line":27,"column":4},"end":{"line":27,"column":66}},"9":{"start":{"line":28,"column":4},"end":{"line":46,"column":7}},"10":{"start":{"line":29,"column":8},"end":{"line":32,"column":9}},"11":{"start":{"line":30,"column":12},"end":{"line":30,"column":29}},"12":{"start":{"line":31,"column":12},"end":{"line":31,"column":19}},"13":{"start":{"line":33,"column":8},"end":{"line":41,"column":10}},"14":{"start":{"line":42,"column":8},"end":{"line":42,"column":51}},"15":{"start":{"line":43,"column":8},"end":{"line":43,"column":26}},"16":{"start":{"line":44,"column":8},"end":{"line":44,"column":28}},"17":{"start":{"line":45,"column":8},"end":{"line":45,"column":18}}},"branchMap":{"1":{"line":29,"type":"if","locations":[{"start":{"line":29,"column":8},"end":{"line":29,"column":8}},{"start":{"line":29,"column":8},"end":{"line":29,"column":8}}]}}},"/home/shahenaz/Desktop/blog/app/readsheet.js":{"path":"/home/shahenaz/Desktop/blog/app/readsheet.js","s":{},"b":{},"f":{},"fnMap":{},"statementMap":{},"branchMap":{}}}