TN:
SF:/home/shahenaz/Desktop/blog/main.js
FN:3,mainhandler
FNF:1
FNH:0
FNDA:0,mainhandler
DA:1,1
DA:3,1
DA:4,0
DA:5,0
DA:6,0
DA:8,0
DA:9,0
LF:7
LH:2
BRF:0
BRH:0
end_of_record
TN:
SF:/home/shahenaz/Desktop/blog/router.js
FN:6,(anonymous_1)
FNF:1
FNH:0
FNDA:0,(anonymous_1)
DA:1,1
DA:2,1
DA:7,0
DA:8,0
DA:9,0
DA:10,0
LF:6
LH:2
BRF:0
BRH:0
end_of_record
TN:
SF:/home/shahenaz/Desktop/blog/app/root.js
FNF:0
FNH:0
DA:1,1
DA:2,1
LF:2
LH:2
BRF:0
BRH:0
end_of_record
TN:
SF:/home/shahenaz/Desktop/blog/app/writesheet.js
FN:19,writesheet
FNF:1
FNH:0
FNDA:0,writesheet
DA:1,1
DA:2,1
DA:3,1
DA:6,1
DA:16,1
DA:19,1
DA:20,0
DA:27,0
DA:28,0
DA:29,0
DA:30,0
DA:31,0
DA:33,0
DA:42,0
DA:43,0
DA:44,0
DA:45,0
LF:17
LH:6
BRDA:29,1,0,0
BRDA:29,1,1,0
BRF:2
BRH:0
end_of_record
TN:
SF:/home/shahenaz/Desktop/blog/app/readsheet.js
FNF:0
FNH:0
LF:0
LH:0
BRF:0
BRH:0
end_of_record
